#
# A fatal error has been detected by the Java Runtime Environment:
#
#  SIGSEGV (0xb) at pc=0x00002b4e7d34e0ba, pid=7758, tid=47616380062016
#
# JRE version: 6.0_30-b30
# Java VM: OpenJDK 64-Bit Server VM (23.25-b01 mixed mode linux-amd64 compressed oops)
# Problematic frame:
# v  ~BufferBlob::jni_fast_GetLongField
#
# Failed to write core dump. Core dumps have been disabled. To enable core dumping, try "ulimit -c unlimited" before starting Java again
#
# If you would like to submit a bug report, please include
# instructions how to reproduce the bug and visit:
#   http://icedtea.classpath.org/bugzilla
# The crash happened outside the Java Virtual Machine in native code.
# See problematic frame for where to report the bug.
#

---------------  T H R E A D  ---------------

Current thread (0x000000001a8f3000):  JavaThread "AWT-XAWT" daemon [_thread_in_native, id=7773, stack(0x00002b4e8d5b4000,0x00002b4e8d6b5000)]

siginfo:si_signo=SIGSEGV: si_errno=0, si_code=1 (SEGV_MAPERR), si_addr=0x0000000000000000

Registers:
RAX=0x00002b4e8cdaf500, RBX=0x0000000000400001, RCX=0x00002b4e7c885c80, RDX=0x0000000000000042
RSP=0x00002b4e8d6b3928, RBP=0x00002b4e8d6b3950, RSI=0x0000000000000000, RDI=0x000000001a8f31d8
R8 =0x0000000040000000, R9 =0x0000000000000000, R10=0x000000000000000c, R11=0x00002b4e7c399de0
R12=0x000000001a8f31d8, R13=0x0000000000000000, R14=0x00002b4e8d6b3a60, R15=0x000000001a8f3000
RIP=0x00002b4e7d34e0ba, EFLAGS=0x0000000000010246, CSGSFS=0x0000000000000033, ERR=0x0000000000000004
  TRAPNO=0x000000000000000e

Top of Stack: (sp=0x00002b4e8d6b3928)
0x00002b4e8d6b3928:   00002b4e8cb7d7bd 0000000759eaa240
0x00002b4e8d6b3938:   0000000000400001 0000000000000000
0x00002b4e8d6b3948:   0000000759eb66e0 000000001ae3fcc0
0x00002b4e8d6b3958:   0000003345870bd2 0000000000400001
0x00002b4e8d6b3968:   000000001a9024e0 00000000000a0000
0x00002b4e8d6b3978:   000000334586be92 00002b4e8d6b3980
0x00002b4e8d6b3988:   00000033458281d4 0000000759eb66e0
0x00002b4e8d6b3998:   00002b4e8d6b39b0 0000000000000000
0x00002b4e8d6b39a8:   00002b4e8cb7448f 00002b4e8d6b3a28
0x00002b4e8d6b39b8:   00002b4e7d305790 00002b4e8d6b3a38
0x00002b4e8d6b39c8:   00002b4e7d2f9ff3 0000000000000000
0x00002b4e8d6b39d8:   0000000763e172f8 0000000000000000
0x00002b4e8d6b39e8:   00002b4e8d6b39e8 0000000000000000
0x00002b4e8d6b39f8:   00002b4e8d6b3a60 0000000759ebc0e8
0x00002b4e8d6b3a08:   0000000000000000 0000000759eb66e0
0x00002b4e8d6b3a18:   0000000000000000 00002b4e8d6b3a48
0x00002b4e8d6b3a28:   00002b4e8d6b3aa8 00002b4e7d2fa0c2
0x00002b4e8d6b3a38:   0000000763e74e10 00002b4e7d302580
0x00002b4e8d6b3a48:   0000000000000000 00002b4e8d6b3aa8
0x00002b4e8d6b3a58:   000000001a9024e0 0000000763ec0120
0x00002b4e8d6b3a68:   00002b4e8d6b3a68 0000000759e95e01
0x00002b4e8d6b3a78:   00002b4e8d6b3af8 0000000759ea2508
0x00002b4e8d6b3a88:   000000075a1ef060 0000000759e95f10
0x00002b4e8d6b3a98:   00002b4e8d6b3a48 00002b4e8d6b3af0
0x00002b4e8d6b3aa8:   00002b4e8d6b3b40 00002b4e7d2f9e9a
0x00002b4e8d6b3ab8:   0000000000000142 0000000000000000
0x00002b4e8d6b3ac8:   00000007cc5fe5b0 0000000000000000
0x00002b4e8d6b3ad8:   0000000000000000 0000000000000000
0x00002b4e8d6b3ae8:   0000000763ec0120 0000000000000000
0x00002b4e8d6b3af8:   00000007cc60fda0 00002b4e8d6b3b00
0x00002b4e8d6b3b08:   0000000759e95b1d 00002b4e8d6b3b50
0x00002b4e8d6b3b18:   0000000759ea2508 0000000000000000 

Instructions: (pc=0x00002b4e7d34e0ba)
0x00002b4e7d34e09a:   00 00 00 00 00 00 44 8b 15 e1 ee 55 ff 4c 8b ce
0x00002b4e7d34e0aa:   41 f6 c2 01 0f 85 2e 00 00 00 4d 33 ca 4d 33 ca
0x00002b4e7d34e0ba:   4d 8b 09 4c 8b da 49 c1 eb 02 4b 8b 04 19 49 bb
0x00002b4e7d34e0ca:   88 cf 8a 7c 4e 2b 00 00 4c 33 d8 4c 33 d8 45 3b 

Register to memory mapping:

RAX=0x00002b4e8cdaf500: <offset 0x24e500> in /usr/lib/jvm/java-1.6.0-openjdk-1.6.0.0.x86_64/jre/lib/amd64/xawt/libmawt.so at 0x00002b4e8cb61000
RBX=0x0000000000400001: <offset 0x1> in appletviewer at 0x0000000000400000
RCX=0x00002b4e7c885c80: <offset 0xcefc80> in /usr/lib/jvm/java-1.6.0-openjdk-1.6.0.0.x86_64/jre/lib/amd64/server/libjvm.so at 0x00002b4e7bb96000
RDX=0x0000000000000042 is an unknown value
RSP=0x00002b4e8d6b3928 is pointing into the stack for thread: 0x000000001a8f3000
RBP=0x00002b4e8d6b3950 is pointing into the stack for thread: 0x000000001a8f3000
RSI=0x0000000000000000 is an unknown value
RDI=0x000000001a8f31d8 is an unknown value
R8 =0x0000000040000000 is an unknown value
R9 =0x0000000000000000 is an unknown value
R10=0x000000000000000c is an unknown value
R11=0x00002b4e7c399de0: <offset 0x803de0> in /usr/lib/jvm/java-1.6.0-openjdk-1.6.0.0.x86_64/jre/lib/amd64/server/libjvm.so at 0x00002b4e7bb96000
R12=0x000000001a8f31d8 is an unknown value
R13=0x0000000000000000 is an unknown value
R14=0x00002b4e8d6b3a60 is pointing into the stack for thread: 0x000000001a8f3000
R15=0x000000001a8f3000 is a thread


Stack: [0x00002b4e8d5b4000,0x00002b4e8d6b5000],  sp=0x00002b4e8d6b3928,  free space=1022k
Native frames: (J=compiled Java code, j=interpreted, Vv=VM code, C=native code)
v  ~BufferBlob::jni_fast_GetLongField

Java frames: (J=compiled Java code, j=interpreted, Vv=VM code)
j  sun.awt.X11.XlibWrapper.XFilterEvent(JJ)Z+0
j  sun.awt.X11.XToolkit.run(Z)V+249
j  sun.awt.X11.XToolkit.run()V+5
j  java.lang.Thread.run()V+11
v  ~StubRoutines::call_stub

---------------  P R O C E S S  ---------------

Java Threads: ( => current thread )
  0x000000001ae43000 JavaThread "AWT-EventQueue-3" [_thread_blocked, id=7783, stack(0x00002b4e8e14d000,0x00002b4e8e24e000)]
  0x00002b4e90214000 JavaThread "DestroyJavaVM" [_thread_blocked, id=7759, stack(0x00002b4e7cb6e000,0x00002b4e7cc6f000)]
  0x00002b4e901b5000 JavaThread "AWT-EventQueue-2" [_thread_blocked, id=7781, stack(0x00002b4e8d8b8000,0x00002b4e8d9b9000)]
  0x00002b4e901ad000 JavaThread "AWT-Shutdown" [_thread_blocked, id=7780, stack(0x00002b4e8d7b7000,0x00002b4e8d8b8000)]
  0x00002b4e901bb800 JavaThread "thread applet-TurtleApplet1.class" [_thread_blocked, id=7779, stack(0x00002b4e8d6b5000,0x00002b4e8d7b6000)]
=>0x000000001a8f3000 JavaThread "AWT-XAWT" daemon [_thread_in_native, id=7773, stack(0x00002b4e8d5b4000,0x00002b4e8d6b5000)]
  0x00002b4e900f4000 JavaThread "Java2D Disposer" daemon [_thread_blocked, id=7772, stack(0x00002b4e8d041000,0x00002b4e8d142000)]
  0x000000001a6ff800 JavaThread "Low Memory Detector" daemon [_thread_blocked, id=7770, stack(0x00002b4e8c626000,0x00002b4e8c727000)]
  0x000000001a6fd800 JavaThread "C2 CompilerThread1" daemon [_thread_blocked, id=7769, stack(0x00002b4e8c525000,0x00002b4e8c626000)]
  0x000000001a6f9800 JavaThread "C2 CompilerThread0" daemon [_thread_blocked, id=7768, stack(0x00002b4e8c424000,0x00002b4e8c525000)]
  0x000000001a6f7800 JavaThread "Signal Dispatcher" daemon [_thread_blocked, id=7767, stack(0x00002b4e8c323000,0x00002b4e8c424000)]
  0x000000001a6a3000 JavaThread "Finalizer" daemon [_thread_blocked, id=7766, stack(0x00002b4e88c4a000,0x00002b4e88d4b000)]
  0x000000001a6a1000 JavaThread "Reference Handler" daemon [_thread_blocked, id=7765, stack(0x00002b4e88b49000,0x00002b4e88c4a000)]

Other Threads:
  0x000000001a692000 VMThread [stack: 0x00002b4e88a48000,0x00002b4e88b49000] [id=7764]
  0x000000001a70a800 WatcherThread [stack: 0x00002b4e8c727000,0x00002b4e8c828000] [id=7771]

VM state:not at safepoint (normal execution)

VM Mutex/Monitor currently owned by a thread: None

Heap
 PSYoungGen      total 6656K, used 3027K [0x00000007cbf60000, 0x00000007cc660000, 0x0000000800000000)
  eden space 6144K, 40% used [0x00000007cbf60000,0x00000007cc1d4f98,0x00000007cc560000)
  from space 512K, 100% used [0x00000007cc5e0000,0x00000007cc660000,0x00000007cc660000)
  to   space 512K, 0% used [0x00000007cc560000,0x00000007cc560000,0x00000007cc5e0000)
 ParOldGen       total 5504K, used 1097K [0x0000000763e00000, 0x0000000764360000, 0x00000007cbf60000)
  object space 5504K, 19% used [0x0000000763e00000,0x0000000763f12630,0x0000000764360000)
 PSPermGen       total 21248K, used 10218K [0x0000000759800000, 0x000000075acc0000, 0x0000000763e00000)
  object space 21248K, 48% used [0x0000000759800000,0x000000075a1faaa8,0x000000075acc0000)

Card table byte_map: [0x00002b4e803b4000,0x00002b4e808e9000] byte_map_base: 0x00002b4e7c8e8000

Polling page: 0x00002b4e7d0ae000

Code Cache  [0x00002b4e7d2f4000, 0x00002b4e7d564000, 0x00002b4e802f4000)
 total_blobs=488 nmethods=83 adapters=359 free_code_cache=48498Kb largest_free_block=49640512

Compilation events (10 events):
Event: 300.911 Thread 0x000000001a6fd800   76             java.util.concurrent.locks.ReentrantLock$NonfairSync::lock (25 bytes)
Event: 300.911 Thread 0x000000001a6f9800   77             sun.awt.SunToolkit::awtUnlock (7 bytes)
Event: 300.912 Thread 0x000000001a6fd800 nmethod 76 0x00002b4e7d38f6d0 code [0x00002b4e7d38f840, 0x00002b4e7d38f970]
Event: 300.915 Thread 0x000000001a6f9800 nmethod 77 0x00002b4e7d38f1d0 code [0x00002b4e7d38f320, 0x00002b4e7d38f4c8]
Event: 1338.514 Thread 0x000000001a6fd800   78             java.util.logging.Logger::finest (23 bytes)
Event: 1338.515 Thread 0x000000001a6fd800 nmethod 78 0x00002b4e7d38ea90 code [0x00002b4e7d38ebe0, 0x00002b4e7d38ec88]
Event: 1953.199 Thread 0x000000001a6f9800   79             sun.awt.X11.XToolkit::getDisplay (4 bytes)
Event: 1953.200 Thread 0x000000001a6f9800 nmethod 79 0x00002b4e7d399910 code [0x00002b4e7d399a40, 0x00002b4e7d399a98]
Event: 2397.773 Thread 0x000000001a6fd800   81             java.util.logging.Logger::isLoggable (25 bytes)
Event: 2397.774 Thread 0x000000001a6fd800 nmethod 81 0x00002b4e7d39ad90 code [0x00002b4e7d39aec0, 0x00002b4e7d39af58]

GC Heap History (4 events):
Event: 0.571 GC heap before
{Heap before GC invocations=1 (full 0):
 PSYoungGen      total 3584K, used 3072K [0x00000007cbf60000, 0x00000007cc360000, 0x0000000800000000)
  eden space 3072K, 100% used [0x00000007cbf60000,0x00000007cc260000,0x00000007cc260000)
  from space 512K, 0% used [0x00000007cc2e0000,0x00000007cc2e0000,0x00000007cc360000)
  to   space 512K, 0% used [0x00000007cc260000,0x00000007cc260000,0x00000007cc2e0000)
 ParOldGen       total 5504K, used 0K [0x0000000763e00000, 0x0000000764360000, 0x00000007cbf60000)
  object space 5504K, 0% used [0x0000000763e00000,0x0000000763e00000,0x0000000764360000)
 PSPermGen       total 21248K, used 8933K [0x0000000759800000, 0x000000075acc0000, 0x0000000763e00000)
  object space 21248K, 42% used [0x0000000759800000,0x000000075a0b9690,0x000000075acc0000)
Event: 0.585 GC heap after
Heap after GC invocations=1 (full 0):
 PSYoungGen      total 3584K, used 512K [0x00000007cbf60000, 0x00000007cc660000, 0x0000000800000000)
  eden space 3072K, 0% used [0x00000007cbf60000,0x00000007cbf60000,0x00000007cc260000)
  from space 512K, 100% used [0x00000007cc260000,0x00000007cc2e0000,0x00000007cc2e0000)
  to   space 512K, 0% used [0x00000007cc5e0000,0x00000007cc5e0000,0x00000007cc660000)
 ParOldGen       total 5504K, used 588K [0x0000000763e00000, 0x0000000764360000, 0x00000007cbf60000)
  object space 5504K, 10% used [0x0000000763e00000,0x0000000763e93090,0x0000000764360000)
 PSPermGen       total 21248K, used 8933K [0x0000000759800000, 0x000000075acc0000, 0x0000000763e00000)
  object space 21248K, 42% used [0x0000000759800000,0x000000075a0b9690,0x000000075acc0000)
}
Event: 0.809 GC heap before
{Heap before GC invocations=2 (full 0):
 PSYoungGen      total 3584K, used 3584K [0x00000007cbf60000, 0x00000007cc660000, 0x0000000800000000)
  eden space 3072K, 100% used [0x00000007cbf60000,0x00000007cc260000,0x00000007cc260000)
  from space 512K, 100% used [0x00000007cc260000,0x00000007cc2e0000,0x00000007cc2e0000)
  to   space 512K, 0% used [0x00000007cc5e0000,0x00000007cc5e0000,0x00000007cc660000)
 ParOldGen       total 5504K, used 588K [0x0000000763e00000, 0x0000000764360000, 0x00000007cbf60000)
  object space 5504K, 10% used [0x0000000763e00000,0x0000000763e93090,0x0000000764360000)
 PSPermGen       total 21248K, used 9112K [0x0000000759800000, 0x000000075acc0000, 0x0000000763e00000)
  object space 21248K, 42% used [0x0000000759800000,0x000000075a0e6248,0x000000075acc0000)
Event: 0.816 GC heap after
Heap after GC invocations=2 (full 0):
 PSYoungGen      total 6656K, used 512K [0x00000007cbf60000, 0x00000007cc660000, 0x0000000800000000)
  eden space 6144K, 0% used [0x00000007cbf60000,0x00000007cbf60000,0x00000007cc560000)
  from space 512K, 100% used [0x00000007cc5e0000,0x00000007cc660000,0x00000007cc660000)
  to   space 512K, 0% used [0x00000007cc560000,0x00000007cc560000,0x00000007cc5e0000)
 ParOldGen       total 5504K, used 1097K [0x0000000763e00000, 0x0000000764360000, 0x00000007cbf60000)
  object space 5504K, 19% used [0x0000000763e00000,0x0000000763f12630,0x0000000764360000)
 PSPermGen       total 21248K, used 9112K [0x0000000759800000, 0x000000075acc0000, 0x0000000763e00000)
  object space 21248K, 42% used [0x0000000759800000,0x000000075a0e6248,0x000000075acc0000)
}

Deoptimization events (6 events):
Event: 0.169 Thread 0x000000001a607800 Uncommon trap -34 fr.pc 0x00002b4e7d356938
Event: 0.169 Thread 0x000000001a607800 Uncommon trap -34 fr.pc 0x00002b4e7d356938
Event: 0.508 Thread 0x000000001a607800 Uncommon trap 93 fr.pc 0x00002b4e7d366e7c
Event: 0.759 Thread 0x00002b4e901b5000 Uncommon trap 22 fr.pc 0x00002b4e7d382768
Event: 0.760 Thread 0x00002b4e901b5000 Uncommon trap -67 fr.pc 0x00002b4e7d38445c
Event: 0.799 Thread 0x00002b4e901b5000 Uncommon trap 51 fr.pc 0x00002b4e7d378c24

Internal exceptions (10 events):
Event: 0.590 Thread 0x00002b4e901b5000 Threw 0x00000007cbf9b580 at /builddir/build/BUILD/icedtea6-1.13.1/openjdk/hotspot/src/share/vm/prims/jni.cpp:716
Event: 0.594 Thread 0x00002b4e901b5000 Threw 0x00000007cbfdfa58 at /builddir/build/BUILD/icedtea6-1.13.1/openjdk/hotspot/src/share/vm/prims/jni.cpp:716
Event: 0.912 Thread 0x000000001a607800 Threw 0x00000007cc092c80 at /builddir/build/BUILD/icedtea6-1.13.1/openjdk/hotspot/src/share/vm/classfile/systemDictionary.cpp:179
Event: 0.912 Thread 0x000000001a607800 Threw 0x00000007cc092f30 at /builddir/build/BUILD/icedtea6-1.13.1/openjdk/hotspot/src/share/vm/prims/jvm.cpp:1235
Event: 0.912 Thread 0x000000001a607800 Threw 0x00000007cc0931e0 at /builddir/build/BUILD/icedtea6-1.13.1/openjdk/hotspot/src/share/vm/prims/jvm.cpp:1235
Event: 0.912 Thread 0x000000001a607800 Threw 0x00000007cc093490 at /builddir/build/BUILD/icedtea6-1.13.1/openjdk/hotspot/src/share/vm/prims/jvm.cpp:1235
Event: 0.947 Thread 0x000000001a607800 Threw 0x00000007cc0ce5d8 at /builddir/build/BUILD/icedtea6-1.13.1/openjdk/hotspot/src/share/vm/classfile/systemDictionary.cpp:179
Event: 0.947 Thread 0x000000001a607800 Threw 0x00000007cc0ce978 at /builddir/build/BUILD/icedtea6-1.13.1/openjdk/hotspot/src/share/vm/prims/jvm.cpp:1235
Event: 0.947 Thread 0x000000001a607800 Threw 0x00000007cc0cec18 at /builddir/build/BUILD/icedtea6-1.13.1/openjdk/hotspot/src/share/vm/prims/jvm.cpp:1235
Event: 0.947 Thread 0x000000001a607800 Threw 0x00000007cc0ceeb8 at /builddir/build/BUILD/icedtea6-1.13.1/openjdk/hotspot/src/share/vm/prims/jvm.cpp:1235

Events (10 events):
Event: 11.342 loading class 0x00002b4e90189af0 done
Event: 11.342 loading class 0x000000001a8e8a00
Event: 11.342 loading class 0x000000001a8e8a00 done
Event: 11.936 Thread 0x000000001a6fd800 flushing nmethod 0x00002b4e7d3666d0
Event: 1338.078 loading class 0x000000001a8cc560
Event: 1338.078 loading class 0x000000001a8cc560 done
Event: 1338.082 loading class 0x00002b4e9009a9e0
Event: 1338.082 loading class 0x00002b4e9009a9e0 done
Event: 1338.093 loading class 0x000000001a8cc480
Event: 1338.093 loading class 0x000000001a8cc480 done


Dynamic libraries:
00400000-0040a000 r-xp 00000000 fd:00 1672772                            /usr/lib/jvm/java-1.6.0-openjdk-1.6.0.0.x86_64/bin/appletviewer
00609000-0060b000 rw-p 00009000 fd:00 1672772                            /usr/lib/jvm/java-1.6.0-openjdk-1.6.0.0.x86_64/bin/appletviewer
1a5fe000-1ae5b000 rw-p 1a5fe000 00:00 0                                  [heap]
759800000-75acc0000 rw-p 759800000 00:00 0 
75acc0000-763e00000 rw-p 75acc0000 00:00 0 
763e00000-764360000 rw-p 763e00000 00:00 0 
764360000-7cbf60000 rw-p 764360000 00:00 0 
7cbf60000-7cc660000 rw-p 7cbf60000 00:00 0 
7cc660000-800000000 rw-p 7cc660000 00:00 0 
3343800000-334381c000 r-xp 00000000 fd:00 2621464                        /lib64/ld-2.5.so
3343a1c000-3343a1d000 r--p 0001c000 fd:00 2621464                        /lib64/ld-2.5.so
3343a1d000-3343a1e000 rw-p 0001d000 fd:00 2621464                        /lib64/ld-2.5.so
3343c00000-3343d4f000 r-xp 00000000 fd:00 2621465                        /lib64/libc-2.5.so
3343d4f000-3343f4f000 ---p 0014f000 fd:00 2621465                        /lib64/libc-2.5.so
3343f4f000-3343f53000 r--p 0014f000 fd:00 2621465                        /lib64/libc-2.5.so
3343f53000-3343f54000 rw-p 00153000 fd:00 2621465                        /lib64/libc-2.5.so
3343f54000-3343f59000 rw-p 3343f54000 00:00 0 
3344000000-3344004000 r-xp 00000000 fd:00 1672882                        /usr/lib/jvm/java-1.6.0-openjdk-1.6.0.0.x86_64/lib/amd64/jli/libjli.so
3344004000-3344203000 ---p 00004000 fd:00 1672882                        /usr/lib/jvm/java-1.6.0-openjdk-1.6.0.0.x86_64/lib/amd64/jli/libjli.so
3344203000-3344204000 rw-p 00003000 fd:00 1672882                        /usr/lib/jvm/java-1.6.0-openjdk-1.6.0.0.x86_64/lib/amd64/jli/libjli.so
3344400000-3344402000 r-xp 00000000 fd:00 2621511                        /lib64/libdl-2.5.so
3344402000-3344602000 ---p 00002000 fd:00 2621511                        /lib64/libdl-2.5.so
3344602000-3344603000 r--p 00002000 fd:00 2621511                        /lib64/libdl-2.5.so
3344603000-3344604000 rw-p 00003000 fd:00 2621511                        /lib64/libdl-2.5.so
3344800000-3344814000 r-xp 00000000 fd:00 2621641                        /lib64/libz.so.1.2.3
3344814000-3344a13000 ---p 00014000 fd:00 2621641                        /lib64/libz.so.1.2.3
3344a13000-3344a14000 rw-p 00013000 fd:00 2621641                        /lib64/libz.so.1.2.3
3344c00000-3344c16000 r-xp 00000000 fd:00 2621475                        /lib64/libpthread-2.5.so
3344c16000-3344e16000 ---p 00016000 fd:00 2621475                        /lib64/libpthread-2.5.so
3344e16000-3344e17000 r--p 00016000 fd:00 2621475                        /lib64/libpthread-2.5.so
3344e17000-3344e18000 rw-p 00017000 fd:00 2621475                        /lib64/libpthread-2.5.so
3344e18000-3344e1c000 rw-p 3344e18000 00:00 0 
3345000000-3345007000 r-xp 00000000 fd:00 2621485                        /lib64/librt-2.5.so
3345007000-3345207000 ---p 00007000 fd:00 2621485                        /lib64/librt-2.5.so
3345207000-3345208000 r--p 00007000 fd:00 2621485                        /lib64/librt-2.5.so
3345208000-3345209000 rw-p 00008000 fd:00 2621485                        /lib64/librt-2.5.so
3345400000-3345402000 r-xp 00000000 fd:00 528969                         /usr/lib64/libXau.so.6.0.0
3345402000-3345601000 ---p 00002000 fd:00 528969                         /usr/lib64/libXau.so.6.0.0
3345601000-3345602000 rw-p 00001000 fd:00 528969                         /usr/lib64/libXau.so.6.0.0
3345800000-3345905000 r-xp 00000000 fd:00 531817                         /usr/lib64/libX11.so.6.2.0
3345905000-3345b05000 ---p 00105000 fd:00 531817                         /usr/lib64/libX11.so.6.2.0
3345b05000-3345b0c000 rw-p 00105000 fd:00 531817                         /usr/lib64/libX11.so.6.2.0
3345c00000-3345c05000 r-xp 00000000 fd:00 531524                         /usr/lib64/libXdmcp.so.6.0.0
3345c05000-3345e04000 ---p 00005000 fd:00 531524                         /usr/lib64/libXdmcp.so.6.0.0
3345e04000-3345e05000 rw-p 00004000 fd:00 531524                         /usr/lib64/libXdmcp.so.6.0.0
3346800000-3346810000 r-xp 00000000 fd:00 533246                         /usr/lib64/libXext.so.6.4.0
3346810000-3346a10000 ---p 00010000 fd:00 533246                         /usr/lib64/libXext.so.6.4.0
3346a10000-3346a11000 rw-p 00010000 fd:00 533246                         /usr/lib64/libXext.so.6.4.0
3346c00000-3346c7f000 r-xp 00000000 fd:00 527354                         /usr/lib64/libfreetype.so.6.3.10
3346c7f000-3346e7f000 ---p 0007f000 fd:00 527354                         /usr/lib64/libfreetype.so.6.3.10
3346e7f000-3346e84000 rw-p 0007f000 fd:00 527354                         /usr/lib64/libfreetype.so.6.3.10
3348800000-3348809000 r-xp 00000000 fd:00 531891                         /usr/lib64/libXrender.so.1.3.0
3348809000-3348a08000 ---p 00009000 fd:00 531891                         /usr/lib64/libXrender.so.1.3.0
3348a08000-3348a09000 rw-p 00008000 fd:00 531891                         /usr/lib64/libXrender.so.1.3.0
3349000000-3349008000 r-xp 00000000 fd:00 533968                         /usr/lib64/libXi.so.6.0.0
3349008000-3349207000 ---p 00008000 fd:00 533968                         /usr/lib64/libXi.so.6.0.0
3349207000-3349208000 rw-p 00007000 fd:00 533968                         /usr/lib64/libXi.so.6.0.0
3349400000-3349405000 r-xp 00000000 fd:00 537889                         /usr/lib64/libXfixes.so.3.1.0
3349405000-3349604000 ---p 00005000 fd:00 537889                         /usr/lib64/libXfixes.so.3.1.0
3349604000-3349605000 rw-p 00004000 fd:00 537889                         /usr/lib64/libXfixes.so.3.1.0
334b200000-334b209000 r-xp 00000000 fd:00 539241                         /usr/lib64/libXcursor.so.1.0.2
334b209000-334b409000 ---p 00009000 fd:00 539241                         /usr/lib64/libXcursor.so.1.0.2
334b409000-334b40a000 rw-p 00009000 fd:00 539241                         /usr/lib64/libXcursor.so.1.0.2
334c200000-334c215000 r-xp 00000000 fd:00 2621498                        /lib64/libnsl-2.5.so
334c215000-334c414000 ---p 00015000 fd:00 2621498                        /lib64/libnsl-2.5.so
334c414000-334c415000 r--p 00014000 fd:00 2621498                        /lib64/libnsl-2.5.so
334c415000-334c416000 rw-p 00015000 fd:00 2621498                        /lib64/libnsl-2.5.so
334c416000-334c418000 rw-p 334c416000 00:00 0 
334fe00000-334fe0d000 r-xp 00000000 fd:00 2621745                        /lib64/libgcc_s-4.1.2-20080825.so.1
334fe0d000-335000d000 ---p 0000d000 fd:00 2621745                        /lib64/libgcc_s-4.1.2-20080825.so.1
335000d000-335000e000 rw-p 0000d000 fd:00 2621745                        /lib64/libgcc_s-4.1.2-20080825.so.1
3351a00000-3351ae6000 r-xp 00000000 fd:00 543250                         /usr/lib64/libstdc++.so.6.0.8
3351ae6000-3351ce5000 ---p 000e6000 fd:00 543250                         /usr/lib64/libstdc++.so.6.0.8
3351ce5000-3351ceb000 r--p 000e5000 fd:00 543250                         /usr/lib64/libstdc++.so.6.0.8
3351ceb000-3351cee000 rw-p 000eb000 fd:00 543250                         /usr/lib64/libstdc++.so.6.0.8
3351cee000-3351d00000 rw-p 3351cee000 00:00 0 
3356e00000-3356e05000 r-xp 00000000 fd:00 545752                         /usr/lib64/libXtst.so.6.1.0
3356e05000-3357004000 ---p 00005000 fd:00 545752                         /usr/lib64/libXtst.so.6.1.0
3357004000-3357005000 rw-p 00004000 fd:00 545752                         /usr/lib64/libXtst.so.6.1.0
2b4e7bb6c000-2b4e7bb6e000 rw-p 2b4e7bb6c000 00:00 0 
2b4e7bb92000-2b4e7bb96000 rw-p 2b4e7bb92000 00:00 0 
2b4e7bb96000-2b4e7c5f8000 r-xp 00000000 fd:00 1212436                    /usr/lib/jvm/java-1.6.0-openjdk-1.6.0.0.x86_64/jre/lib/amd64/server/libjvm.so
2b4e7c5f8000-2b4e7c7f8000 ---p 00a62000 fd:00 1212436                    /usr/lib/jvm/java-1.6.0-openjdk-1.6.0.0.x86_64/jre/lib/amd64/server/libjvm.so
2b4e7c7f8000-2b4e7c89d000 rw-p 00a62000 fd:00 1212436                    /usr/lib/jvm/java-1.6.0-openjdk-1.6.0.0.x86_64/jre/lib/amd64/server/libjvm.so
2b4e7c89d000-2b4e7c8c7000 rw-p 2b4e7c89d000 00:00 0 
2b4e7c8eb000-2b4e7c96d000 r-xp 00000000 fd:00 2621611                    /lib64/libm-2.5.so
2b4e7c96d000-2b4e7cb6c000 ---p 00082000 fd:00 2621611                    /lib64/libm-2.5.so
2b4e7cb6c000-2b4e7cb6d000 r--p 00081000 fd:00 2621611                    /lib64/libm-2.5.so
2b4e7cb6d000-2b4e7cb6e000 rw-p 00082000 fd:00 2621611                    /lib64/libm-2.5.so
2b4e7cb6e000-2b4e7cb71000 ---p 2b4e7cb6e000 00:00 0 
2b4e7cb71000-2b4e7cc6f000 rw-p 2b4e7cb71000 00:00 0 
2b4e7cc6f000-2b4e7cc7d000 r-xp 00000000 fd:00 1181324                    /usr/lib/jvm/java-1.6.0-openjdk-1.6.0.0.x86_64/jre/lib/amd64/libverify.so
2b4e7cc7d000-2b4e7ce7c000 ---p 0000e000 fd:00 1181324                    /usr/lib/jvm/java-1.6.0-openjdk-1.6.0.0.x86_64/jre/lib/amd64/libverify.so
2b4e7ce7c000-2b4e7ce7e000 rw-p 0000d000 fd:00 1181324                    /usr/lib/jvm/java-1.6.0-openjdk-1.6.0.0.x86_64/jre/lib/amd64/libverify.so
2b4e7ce7e000-2b4e7ceab000 r-xp 00000000 fd:00 1181305                    /usr/lib/jvm/java-1.6.0-openjdk-1.6.0.0.x86_64/jre/lib/amd64/libjava.so
2b4e7ceab000-2b4e7d0aa000 ---p 0002d000 fd:00 1181305                    /usr/lib/jvm/java-1.6.0-openjdk-1.6.0.0.x86_64/jre/lib/amd64/libjava.so
2b4e7d0aa000-2b4e7d0ae000 rw-p 0002c000 fd:00 1181305                    /usr/lib/jvm/java-1.6.0-openjdk-1.6.0.0.x86_64/jre/lib/amd64/libjava.so
2b4e7d0ae000-2b4e7d0af000 r--p 2b4e7d0ae000 00:00 0 
2b4e7d0af000-2b4e7d0b0000 rw-p 2b4e7d0af000 00:00 0 
2b4e7d0b0000-2b4e7d0e5000 r--s 00000000 fd:00 2031787                    /var/db/nscd/passwd
2b4e7d0e5000-2b4e7d0ed000 rw-s 00000000 fd:00 4489601                    /tmp/hsperfdata_j6313072/7758
2b4e7d0ed000-2b4e7d0f4000 r-xp 00000000 fd:00 1181325                    /usr/lib/jvm/java-1.6.0-openjdk-1.6.0.0.x86_64/jre/lib/amd64/libzip.so
2b4e7d0f4000-2b4e7d2f3000 ---p 00007000 fd:00 1181325                    /usr/lib/jvm/java-1.6.0-openjdk-1.6.0.0.x86_64/jre/lib/amd64/libzip.so
2b4e7d2f3000-2b4e7d2f4000 rw-p 00006000 fd:00 1181325                    /usr/lib/jvm/java-1.6.0-openjdk-1.6.0.0.x86_64/jre/lib/amd64/libzip.so
2b4e7d2f4000-2b4e7d564000 rwxp 2b4e7d2f4000 00:00 0 
2b4e7d564000-2b4e802f4000 rw-p 2b4e7d564000 00:00 0 
2b4e802f4000-2b4e802fe000 rw-p 2b4e802f4000 00:00 0 
2b4e802fe000-2b4e803b4000 rw-p 2b4e802fe000 00:00 0 
2b4e803b4000-2b4e803bf000 rw-p 2b4e803b4000 00:00 0 
2b4e803bf000-2b4e80407000 rw-p 2b4e803bf000 00:00 0 
2b4e80407000-2b4e8040a000 rw-p 2b4e80407000 00:00 0 
2b4e8040a000-2b4e80747000 rw-p 2b4e8040a000 00:00 0 
2b4e80747000-2b4e8074c000 rw-p 2b4e80747000 00:00 0 
2b4e8074c000-2b4e808e8000 rw-p 2b4e8074c000 00:00 0 
2b4e808e8000-2b4e808ec000 rw-p 2b4e808e8000 00:00 0 
2b4e808ec000-2b4e80c2a000 rw-p 2b4e808ec000 00:00 0 
2b4e80c2a000-2b4e80c35000 rw-p 2b4e80c2a000 00:00 0 
2b4e80c35000-2b4e80c7d000 rw-p 2b4e80c35000 00:00 0 
2b4e80c7d000-2b4e80c7e000 ---p 2b4e80c7d000 00:00 0 
2b4e80c7e000-2b4e80d7e000 rw-p 2b4e80c7e000 00:00 0 
2b4e80d7e000-2b4e80d7f000 ---p 2b4e80d7e000 00:00 0 
2b4e80d7f000-2b4e80e7f000 rw-p 2b4e80d7f000 00:00 0 
2b4e80e7f000-2b4e80e80000 ---p 2b4e80e7f000 00:00 0 
2b4e80e80000-2b4e80f80000 rw-p 2b4e80e80000 00:00 0 
2b4e80f80000-2b4e80f81000 ---p 2b4e80f80000 00:00 0 
2b4e80f81000-2b4e878b9000 rw-p 2b4e80f81000 00:00 0 
2b4e878b9000-2b4e87a5e000 r--s 019c2000 fd:00 1181352                    /usr/lib/jvm/java-1.6.0-openjdk-1.6.0.0.x86_64/jre/lib/rt.jar
2b4e87a5e000-2b4e88a48000 rw-p 2b4e87a5e000 00:00 0 
2b4e88a48000-2b4e88a49000 ---p 2b4e88a48000 00:00 0 
2b4e88a49000-2b4e88b49000 rw-p 2b4e88a49000 00:00 0 
2b4e88b49000-2b4e88b4c000 ---p 2b4e88b49000 00:00 0 
2b4e88b4c000-2b4e88c4a000 rw-p 2b4e88b4c000 00:00 0 
2b4e88c4a000-2b4e88c4d000 ---p 2b4e88c4a000 00:00 0 
2b4e88c4d000-2b4e88d4b000 rw-p 2b4e88c4d000 00:00 0 
2b4e88d4b000-2b4e8c323000 r--p 00000000 fd:00 527917                     /usr/lib/locale/locale-archive
2b4e8c323000-2b4e8c326000 ---p 2b4e8c323000 00:00 0 
2b4e8c326000-2b4e8c424000 rw-p 2b4e8c326000 00:00 0 
2b4e8c424000-2b4e8c427000 ---p 2b4e8c424000 00:00 0 
2b4e8c427000-2b4e8c525000 rw-p 2b4e8c427000 00:00 0 
2b4e8c525000-2b4e8c528000 ---p 2b4e8c525000 00:00 0 
2b4e8c528000-2b4e8c626000 rw-p 2b4e8c528000 00:00 0 
2b4e8c626000-2b4e8c629000 ---p 2b4e8c626000 00:00 0 
2b4e8c629000-2b4e8c727000 rw-p 2b4e8c629000 00:00 0 
2b4e8c727000-2b4e8c728000 ---p 2b4e8c727000 00:00 0 
2b4e8c728000-2b4e8c828000 rw-p 2b4e8c728000 00:00 0 
2b4e8c828000-2b4e8c831000 r--s 00060000 fd:00 1278214                    /usr/lib/jvm/java-1.6.0-openjdk-1.6.0.0.x86_64/jre/lib/ext/gnome-java-bridge.jar
2b4e8c831000-2b4e8c896000 r--s 005f1000 fd:00 1672763                    /usr/lib/jvm/java-1.6.0-openjdk-1.6.0.0.x86_64/lib/tools.jar
2b4e8c896000-2b4e8c931000 r-xp 00000000 fd:00 1181246                    /usr/lib/jvm/java-1.6.0-openjdk-1.6.0.0.x86_64/jre/lib/amd64/libawt.so
2b4e8c931000-2b4e8cb31000 ---p 0009b000 fd:00 1181246                    /usr/lib/jvm/java-1.6.0-openjdk-1.6.0.0.x86_64/jre/lib/amd64/libawt.so
2b4e8cb31000-2b4e8cb3d000 rw-p 0009b000 fd:00 1181246                    /usr/lib/jvm/java-1.6.0-openjdk-1.6.0.0.x86_64/jre/lib/amd64/libawt.so
2b4e8cb3d000-2b4e8cb61000 rw-p 2b4e8cb3d000 00:00 0 
2b4e8cb61000-2b4e8cbac000 r-xp 00000000 fd:00 1247614                    /usr/lib/jvm/java-1.6.0-openjdk-1.6.0.0.x86_64/jre/lib/amd64/xawt/libmawt.so
2b4e8cbac000-2b4e8cdab000 ---p 0004b000 fd:00 1247614                    /usr/lib/jvm/java-1.6.0-openjdk-1.6.0.0.x86_64/jre/lib/amd64/xawt/libmawt.so
2b4e8cdab000-2b4e8cdaf000 rw-p 0004a000 fd:00 1247614                    /usr/lib/jvm/java-1.6.0-openjdk-1.6.0.0.x86_64/jre/lib/amd64/xawt/libmawt.so
2b4e8cdaf000-2b4e8cdb0000 rw-p 2b4e8cdaf000 00:00 0 
2b4e8cdb0000-2b4e8cde5000 r--s 00000000 fd:00 2031789                    /var/db/nscd/hosts
2b4e8cde5000-2b4e8ce3e000 r-xp 00000000 fd:00 1181298                    /usr/lib/jvm/java-1.6.0-openjdk-1.6.0.0.x86_64/jre/lib/amd64/libfontmanager.so
2b4e8ce3e000-2b4e8d03e000 ---p 00059000 fd:00 1181298                    /usr/lib/jvm/java-1.6.0-openjdk-1.6.0.0.x86_64/jre/lib/amd64/libfontmanager.so
2b4e8d03e000-2b4e8d041000 rw-p 00059000 fd:00 1181298                    /usr/lib/jvm/java-1.6.0-openjdk-1.6.0.0.x86_64/jre/lib/amd64/libfontmanager.so
2b4e8d041000-2b4e8d044000 ---p 2b4e8d041000 00:00 0 
2b4e8d044000-2b4e8d142000 rw-p 2b4e8d044000 00:00 0 
2b4e8d142000-2b4e8d149000 r--s 00000000 fd:00 2032446                    /var/cache/fontconfig/beeeeb3dfe132a8a0633a017c99ce0c0-x86-64.cache-2
2b4e8d149000-2b4e8d154000 r--s 00000000 fd:00 2032312                    /var/cache/fontconfig/e19de935dec46bbf3ed114ee4965548a-x86-64.cache-2
2b4e8d154000-2b4e8d157000 r--s 00000000 fd:00 2031699                    /var/cache/fontconfig/e3ead4b767b8819993a6fa3ae306afa9-x86-64.cache-2
2b4e8d157000-2b4e8d15e000 r--s 00000000 fd:00 2032428                    /var/cache/fontconfig/7ddba6133ef499da58de5e8c586d3b75-x86-64.cache-2
2b4e8d15e000-2b4e8d162000 r--s 00000000 fd:00 2032313                    /var/cache/fontconfig/b67b32625a2bb51b023d3814a918f351-x86-64.cache-2
2b4e8d162000-2b4e8d16a000 r--s 00000000 fd:00 2032443                    /var/cache/fontconfig/b79f3aaa7d385a141ab53ec885cc22a8-x86-64.cache-2
2b4e8d16a000-2b4e8d16c000 r--s 00000000 fd:00 2032441                    /var/cache/fontconfig/87f5e051180a7a75f16eb6fe7dbd3749-x86-64.cache-2
2b4e8d16c000-2b4e8d16f000 r--s 00000000 fd:00 2032698                    /var/cache/fontconfig/fdb4a018037c133ed2ff41d1378148d0-x86-64.cache-2
2b4e8d16f000-2b4e8d172000 r--s 00000000 fd:00 2032452                    /var/cache/fontconfig/ae30b330df83ba0e904b3d2eb05b9c75-x86-64.cache-2
2b4e8d172000-2b4e8d188000 r--s 00000000 fd:00 2032453                    /var/cache/fontconfig/d066cc093611c74861a22d5ef60b042c-x86-64.cache-2
2b4e8d188000-2b4e8d19d000 r-xp 00000000 fd:00 1181316                    /usr/lib/jvm/java-1.6.0-openjdk-1.6.0.0.x86_64/jre/lib/amd64/libnet.so
2b4e8d19d000-2b4e8d39c000 ---p 00015000 fd:00 1181316                    /usr/lib/jvm/java-1.6.0-openjdk-1.6.0.0.x86_64/jre/lib/amd64/libnet.so
2b4e8d39c000-2b4e8d39d000 rw-p 00014000 fd:00 1181316                    /usr/lib/jvm/java-1.6.0-openjdk-1.6.0.0.x86_64/jre/lib/amd64/libnet.so
2b4e8d39d000-2b4e8d3a5000 r-xp 00000000 fd:00 1181317                    /usr/lib/jvm/java-1.6.0-openjdk-1.6.0.0.x86_64/jre/lib/amd64/libnio.so
2b4e8d3a5000-2b4e8d5a4000 ---p 00008000 fd:00 1181317                    /usr/lib/jvm/java-1.6.0-openjdk-1.6.0.0.x86_64/jre/lib/amd64/libnio.so
2b4e8d5a4000-2b4e8d5a5000 rw-p 00007000 fd:00 1181317                    /usr/lib/jvm/java-1.6.0-openjdk-1.6.0.0.x86_64/jre/lib/amd64/libnio.so
2b4e8d5a5000-2b4e8d5a8000 r--s 00077000 fd:00 1278215                    /usr/lib/jvm/java-1.6.0-openjdk-1.6.0.0.x86_64/jre/lib/ext/localedata.jar
2b4e8d5a8000-2b4e8d5ac000 r--s 0003b000 fd:00 1181286                    /usr/lib/jvm/java-1.6.0-openjdk-1.6.0.0.x86_64/jre/lib/jsse.jar
2b4e8d5ac000-2b4e8d5b4000 r--s 00054000 fd:00 1181350                    /usr/lib/jvm/java-1.6.0-openjdk-1.6.0.0.x86_64/jre/lib/resources.jar
2b4e8d5b4000-2b4e8d5b7000 ---p 2b4e8d5b4000 00:00 0 
2b4e8d5b7000-2b4e8d6b5000 rw-p 2b4e8d5b7000 00:00 0 
2b4e8d6b5000-2b4e8d6b8000 ---p 2b4e8d6b5000 00:00 0 
2b4e8d6b8000-2b4e8d7b6000 rw-p 2b4e8d6b8000 00:00 0 
2b4e8d7b6000-2b4e8d7b7000 r--p 2b4e8d7b6000 00:00 0 
2b4e8d7b7000-2b4e8d7ba000 ---p 2b4e8d7b7000 00:00 0 
2b4e8d7ba000-2b4e8d8b8000 rw-p 2b4e8d7ba000 00:00 0 
2b4e8d8b8000-2b4e8d8bb000 ---p 2b4e8d8b8000 00:00 0 
2b4e8d8bb000-2b4e8d9b9000 rw-p 2b4e8d8bb000 00:00 0 
2b4e8d9b9000-2b4e8d9c0000 r--s 00000000 fd:00 2032446                    /var/cache/fontconfig/beeeeb3dfe132a8a0633a017c99ce0c0-x86-64.cache-2
2b4e8d9c0000-2b4e8d9cb000 r--s 00000000 fd:00 2032312                    /var/cache/fontconfig/e19de935dec46bbf3ed114ee4965548a-x86-64.cache-2
2b4e8d9cb000-2b4e8d9ce000 r--s 00000000 fd:00 2031699                    /var/cache/fontconfig/e3ead4b767b8819993a6fa3ae306afa9-x86-64.cache-2
2b4e8d9ce000-2b4e8d9d5000 r--s 00000000 fd:00 2032428                    /var/cache/fontconfig/7ddba6133ef499da58de5e8c586d3b75-x86-64.cache-2
2b4e8d9d5000-2b4e8d9d9000 r--s 00000000 fd:00 2032313                    /var/cache/fontconfig/b67b32625a2bb51b023d3814a918f351-x86-64.cache-2
2b4e8d9d9000-2b4e8d9e1000 r--s 00000000 fd:00 2032443                    /var/cache/fontconfig/b79f3aaa7d385a141ab53ec885cc22a8-x86-64.cache-2
2b4e8d9e1000-2b4e8d9e3000 r--s 00000000 fd:00 2032441                    /var/cache/fontconfig/87f5e051180a7a75f16eb6fe7dbd3749-x86-64.cache-2
2b4e8d9e3000-2b4e8d9e6000 r--s 00000000 fd:00 2032698                    /var/cache/fontconfig/fdb4a018037c133ed2ff41d1378148d0-x86-64.cache-2
2b4e8d9e6000-2b4e8d9e9000 r--s 00000000 fd:00 2032452                    /var/cache/fontconfig/ae30b330df83ba0e904b3d2eb05b9c75-x86-64.cache-2
2b4e8d9e9000-2b4e8d9ff000 r--s 00000000 fd:00 2032453                    /var/cache/fontconfig/d066cc093611c74861a22d5ef60b042c-x86-64.cache-2
2b4e8d9ff000-2b4e8da24000 r--s 00000000 fd:00 1413889                    /usr/share/fonts/default/Type1/n021023l.pfb
2b4e8da24000-2b4e8da42000 r--s 00000000 fd:00 1413853                    /usr/share/fonts/default/Type1/b018015l.pfb
2b4e8da42000-2b4e8da64000 r--s 00000000 fd:00 1413893                    /usr/share/fonts/default/Type1/n022003l.pfb
2b4e8da64000-2b4e8da8b000 r--s 00000000 fd:00 1413899                    /usr/share/fonts/default/Type1/n022024l.pfb
2b4e8da8b000-2b4e8daaf000 r--s 00000000 fd:00 1413885                    /usr/share/fonts/default/Type1/n021003l.pfb
2b4e8daaf000-2b4e8dad7000 r--s 00000000 fd:00 1413895                    /usr/share/fonts/default/Type1/n022004l.pfb
2b4e8dad7000-2b4e8dafa000 r--s 00000000 fd:00 1413891                    /usr/share/fonts/default/Type1/n021024l.pfb
2b4e8dafa000-2b4e8db10000 r--s 00000000 fd:00 1413847                    /usr/share/fonts/default/Type1/a010033l.pfb
2b4e8db10000-2b4e8db26000 r--s 00000000 fd:00 1413843                    /usr/share/fonts/default/Type1/a010013l.pfb
2b4e8db26000-2b4e8db3c000 r--s 00000000 fd:00 1413879                    /usr/share/fonts/default/Type1/n019044l.pfb
2b4e8db3c000-2b4e8db53000 r--s 00000000 fd:00 1413845                    /usr/share/fonts/default/Type1/a010015l.pfb
2b4e8db53000-2b4e8db6c000 r--s 00000000 fd:00 1413873                    /usr/share/fonts/default/Type1/n019023l.pfb
2b4e8db6c000-2b4e8db84000 r--s 00000000 fd:00 1413875                    /usr/share/fonts/default/Type1/n019024l.pfb
2b4e8db84000-2b4e8db8d000 r--s 00000000 fd:00 1413909                    /usr/share/fonts/default/Type1/s050000l.pfb
2b4e8db8d000-2b4e8dba8000 r--s 00000000 fd:00 1413857                    /usr/share/fonts/default/Type1/b018035l.pfb
2b4e8dba8000-2b4e8dbd4000 r--s 00000000 fd:00 1413907                    /usr/share/fonts/default/Type1/p052024l.pfb
2b4e8dbd4000-2b4e8dbea000 r--s 00000000 fd:00 1413881                    /usr/share/fonts/default/Type1/n019063l.pfb
2b4e8dbea000-2b4e8dc14000 r--s 00000000 fd:00 1413901                    /usr/share/fonts/default/Type1/p052003l.pfb
2b4e8dc14000-2b4e8dc36000 r--s 00000000 fd:00 1413897                    /usr/share/fonts/default/Type1/n022023l.pfb
2b4e8dc36000-2b4e8dc60000 r--s 00000000 fd:00 1413903                    /usr/share/fonts/default/Type1/p052004l.pfb
2b4e8dc60000-2b4e8dc6c000 r--s 00000000 fd:00 1413867                    /usr/share/fonts/default/Type1/d050000l.pfb
2b4e8dc6c000-2b4e8dc83000 r--s 00000000 fd:00 1413849                    /usr/share/fonts/default/Type1/a010035l.pfb
2b4e8dc83000-2b4e8dca9000 r--s 00000000 fd:00 1413859                    /usr/share/fonts/default/Type1/c059013l.pfb
2b4e8dca9000-2b4e8dcc2000 r--s 00000000 fd:00 1413869                    /usr/share/fonts/default/Type1/n019003l.pfb
2b4e8dcc2000-2b4e8dce6000 r--s 00000000 fd:00 1413855                    /usr/share/fonts/default/Type1/b018032l.pfb
2b4e8dce6000-2b4e8dcfe000 r--s 00000000 fd:00 1413883                    /usr/share/fonts/default/Type1/n019064l.pfb
2b4e8dcfe000-2b4e8dd17000 r--s 00000000 fd:00 1413871                    /usr/share/fonts/default/Type1/n019004l.pfb
2b4e8dd17000-2b4e8dd3b000 r--s 00000000 fd:00 1413887                    /usr/share/fonts/default/Type1/n021004l.pfb
2b4e8dd3b000-2b4e8dd51000 r--s 00000000 fd:00 1413877                    /usr/share/fonts/default/Type1/n019043l.pfb
2b4e8dd51000-2b4e8dd7a000 r--s 00000000 fd:00 1413911                    /usr/share/fonts/default/Type1/z003034l.pfb
2b4e8dd7a000-2b4e8dd9e000 r--s 00000000 fd:00 1413863                    /usr/share/fonts/default/Type1/c059033l.pfb
2b4e8dd9e000-2b4e8ddc4000 r--s 00000000 fd:00 1413861                    /usr/share/fonts/default/Type1/c059016l.pfb
2b4e8ddc4000-2b4e8dde8000 r--s 00000000 fd:00 1413851                    /usr/share/fonts/default/Type1/b018012l.pfb
2b4e8dde8000-2b4e8de0b000 r--s 00000000 fd:00 1413865                    /usr/share/fonts/default/Type1/c059036l.pfb
2b4e8de0b000-2b4e8de35000 r--s 00000000 fd:00 1413905                    /usr/share/fonts/default/Type1/p052023l.pfb
2b4e8de35000-2b4e8de47000 r--s 00000000 fd:00 1117745                    /usr/share/X11/fonts/Type1/l048036t.pfa
2b4e8de47000-2b4e8de66000 r--s 00000000 fd:00 1117726                    /usr/share/X11/fonts/Type1/courbi.pfa
2b4e8de66000-2b4e8de74000 r--s 00000000 fd:00 1117729                    /usr/share/X11/fonts/Type1/cursor.pfa
2b4e8de74000-2b4e8de7e000 r--s 00000000 fd:00 1117710                    /usr/share/X11/fonts/Type1/c0583bt_.pfb
2b4e8de7e000-2b4e8de91000 r--s 00000000 fd:00 1117731                    /usr/share/X11/fonts/Type1/l047013t.pfa
2b4e8de91000-2b4e8dea3000 r--s 00000000 fd:00 1117700                    /usr/share/X11/fonts/Type1/UTB_____.pfa
2b4e8dea3000-2b4e8deac000 r--s 00000000 fd:00 1117720                    /usr/share/X11/fonts/Type1/c0649bt_.pfb
2b4e8deac000-2b4e8debf000 r--s 00000000 fd:00 1117698                    /usr/share/X11/fonts/Type1/UTBI____.pfa
2b4e8debf000-2b4e8ded3000 r--s 00000000 fd:00 1117737                    /usr/share/X11/fonts/Type1/l047036t.pfa
2b4e8ded3000-2b4e8dee5000 r--s 00000000 fd:00 1117743                    /usr/share/X11/fonts/Type1/l048033t.pfa
2b4e8dee5000-2b4e8deff000 r--s 00000000 fd:00 1117751                    /usr/share/X11/fonts/Type1/l049033t.pfa
2b4e8deff000-2b4e8df13000 r--s 00000000 fd:00 1117735                    /usr/share/X11/fonts/Type1/l047033t.pfa
2b4e8df13000-2b4e8df25000 r--s 00000000 fd:00 1117704                    /usr/share/X11/fonts/Type1/UTRG____.pfa
2b4e8df25000-2b4e8df43000 r--s 00000000 fd:00 1117728                    /usr/share/X11/fonts/Type1/couri.pfa
2b4e8df43000-2b4e8df62000 r--s 00000000 fd:00 1117724                    /usr/share/X11/fonts/Type1/courb.pfa
2b4e8df62000-2b4e8df79000 r--s 00000000 fd:00 1117747                    /usr/share/X11/fonts/Type1/l049013t.pfa
2b4e8df79000-2b4e8df82000 r--s 00000000 fd:00 1117718                    /usr/share/X11/fonts/Type1/c0648bt_.pfb
2b4e8df82000-2b4e8df8c000 r--s 00000000 fd:00 1117712                    /usr/share/X11/fonts/Type1/c0611bt_.pfb
2b4e8df8c000-2b4e8dfa4000 r--s 00000000 fd:00 1117753                    /usr/share/X11/fonts/Type1/l049036t.pfa
2b4e8dfa4000-2b4e8dfb6000 r--s 00000000 fd:00 1117739                    /usr/share/X11/fonts/Type1/l048013t.pfa
2b4e8dfb6000-2b4e8dfca000 r--s 00000000 fd:00 1117733                    /usr/share/X11/fonts/Type1/l047016t.pfa
2b4e8dfca000-2b4e8dfe1000 r--s 00000000 fd:00 1117749                    /usr/share/X11/fonts/Type1/l049016t.pfa
2b4e8dfe1000-2b4e8dff4000 r--s 00000000 fd:00 1117702                    /usr/share/X11/fonts/Type1/UTI_____.pfa
2b4e8dff4000-2b4e8dffe000 r--s 00000000 fd:00 1117708                    /usr/share/X11/fonts/Type1/c0582bt_.pfb
2b4e8dffe000-2b4e8e007000 r--s 00000000 fd:00 1117714                    /usr/share/X11/fonts/Type1/c0632bt_.pfb
2b4e8e007000-2b4e8e011000 r--s 00000000 fd:00 1117706                    /usr/share/X11/fonts/Type1/c0419bt_.pfb
2b4e8e011000-2b4e8e01a000 r--s 00000000 fd:00 1117716                    /usr/share/X11/fonts/Type1/c0633bt_.pfb
2b4e8e01a000-2b4e8e039000 r--s 00000000 fd:00 1117722                    /usr/share/X11/fonts/Type1/cour.pfa
2b4e8e039000-2b4e8e04b000 r--s 00000000 fd:00 1117741                    /usr/share/X11/fonts/Type1/l048016t.pfa
2b4e8e04b000-2b4e8e05a000 r--s 00000000 fd:00 2002832                    /usr/share/fonts/default/ghostscript/hrplt.pfa
2b4e8e05a000-2b4e8e065000 r--s 00000000 fd:00 2002836                    /usr/share/fonts/default/ghostscript/hrscc.pfa
2b4e8e065000-2b4e8e077000 r--s 00000000 fd:00 2002845                    /usr/share/fonts/default/ghostscript/putr.pfa
2b4e8e077000-2b4e8e088000 r--s 00000000 fd:00 2002795                    /usr/share/fonts/default/ghostscript/bchbi.pfa
2b4e8e088000-2b4e8e093000 r--s 00000000 fd:00 2002820                    /usr/share/fonts/default/ghostscript/hrpld.pfa
2b4e8e093000-2b4e8e0a2000 r--s 00000000 fd:00 2002835                    /usr/share/fonts/default/ghostscript/hrplti.pfa
2b4e8e0a2000-2b4e8e0af000 r--s 00000000 fd:00 2002817                    /usr/share/fonts/default/ghostscript/hritr.pfa
2b4e8e0af000-2b4e8e0c0000 r--s 00000000 fd:00 2002797                    /usr/share/fonts/default/ghostscript/bchr.pfa
2b4e8e0c0000-2b4e8e0d3000 r--s 00000000 fd:00 2002846                    /usr/share/fonts/default/ghostscript/putri.pfa
2b4e8e0d3000-2b4e8e0e4000 r--s 00000000 fd:00 2002799                    /usr/share/fonts/default/ghostscript/bchri.pfa
2b4e8e0e4000-2b4e8e0f5000 r--s 00000000 fd:00 2002793                    /usr/share/fonts/default/ghostscript/bchb.pfa
2b4e8e0f5000-2b4e8e100000 r--s 00000000 fd:00 2002823                    /usr/share/fonts/default/ghostscript/hrpldi.pfa
2b4e8e100000-2b4e8e113000 r--s 00000000 fd:00 2002844                    /usr/share/fonts/default/ghostscript/putbi.pfa
2b4e8e113000-2b4e8e122000 r--s 00000000 fd:00 2002808                    /usr/share/fonts/default/ghostscript/hrger.pfa
2b4e8e122000-2b4e8e12c000 r--s 00000000 fd:00 2002839                    /usr/share/fonts/default/ghostscript/hrscs.pfa
2b4e8e12c000-2b4e8e13e000 r--s 00000000 fd:00 2002843                    /usr/share/fonts/default/ghostscript/putb.pfa
2b4e8e13e000-2b4e8e14d000 r--s 00000000 fd:00 2002814                    /usr/share/fonts/default/ghostscript/hrgrr.pfa
2b4e8e14d000-2b4e8e150000 ---p 2b4e8e14d000 00:00 0 
2b4e8e150000-2b4e8e24e000 rw-p 2b4e8e150000 00:00 0 
2b4e90000000-2b4e9055a000 rw-p 2b4e90000000 00:00 0 
2b4e9055a000-2b4e94000000 ---p 2b4e9055a000 00:00 0 
7fffa9549000-7fffa955e000 rw-p 7ffffffe9000 00:00 0                      [stack]
7fffa95ce000-7fffa95d1000 r-xp 7fffa95ce000 00:00 0                      [vdso]
ffffffffff600000-ffffffffffe00000 ---p 00000000 00:00 0                  [vsyscall]

VM Arguments:
jvm_args: -Dapplication.home=/usr/lib/jvm/java-1.6.0-openjdk-1.6.0.0.x86_64 -Xms8m 
java_command: sun.applet.Main TurtleApplet.html
Launcher Type: SUN_STANDARD

Environment Variables:
PATH=/sbin:/bin:/usr/sbin:/usr/bin:/usr/local/sbin:/usr/local/bin:.:.
USERNAME=j6313072
LD_LIBRARY_PATH=/usr/lib/jvm/java-1.6.0-openjdk-1.6.0.0.x86_64/jre/lib/amd64/server:/usr/lib/jvm/java-1.6.0-openjdk-1.6.0.0.x86_64/jre/lib/amd64:/usr/lib/jvm/java-1.6.0-openjdk-1.6.0.0.x86_64/jre/../lib/amd64
SHELL=/bin/bash
DISPLAY=nodab140.ed.tus.ac.jp:0.0

Signal Handlers:
SIGSEGV: [libjvm.so+0x8dfe30], sa_mask[0]=0x7ffbfeff, sa_flags=0x10000004
SIGBUS: [libjvm.so+0x8dfe30], sa_mask[0]=0x7ffbfeff, sa_flags=0x10000004
SIGFPE: [libjvm.so+0x780ce0], sa_mask[0]=0x7ffbfeff, sa_flags=0x10000004
SIGPIPE: [libjvm.so+0x780ce0], sa_mask[0]=0x7ffbfeff, sa_flags=0x10000004
SIGXFSZ: [libjvm.so+0x780ce0], sa_mask[0]=0x7ffbfeff, sa_flags=0x10000004
SIGILL: [libjvm.so+0x780ce0], sa_mask[0]=0x7ffbfeff, sa_flags=0x10000004
SIGUSR1: SIG_DFL, sa_mask[0]=0x00000000, sa_flags=0x00000000
SIGUSR2: [libjvm.so+0x784920], sa_mask[0]=0x00000000, sa_flags=0x10000004
SIGHUP: [libjvm.so+0x782480], sa_mask[0]=0x7ffbfeff, sa_flags=0x10000004
SIGINT: [libjvm.so+0x782480], sa_mask[0]=0x7ffbfeff, sa_flags=0x10000004
SIGTERM: [libjvm.so+0x782480], sa_mask[0]=0x7ffbfeff, sa_flags=0x10000004
SIGQUIT: [libjvm.so+0x782480], sa_mask[0]=0x7ffbfeff, sa_flags=0x10000004


---------------  S Y S T E M  ---------------

OS:CentOS release 5.10 (Final)

uname:Linux 2.6.18-371.6.1.el5 #1 SMP Wed Mar 12 20:03:51 EDT 2014 x86_64
libc:glibc 2.5 NPTL 2.5 
rlimit: STACK 10240k, CORE 0k, NPROC 79897, NOFILE 1024, AS infinity
load average:0.19 0.12 0.09

/proc/meminfo:
MemTotal:     10230632 kB
MemFree:       7981060 kB
Buffers:        924432 kB
Cached:         501676 kB
SwapCached:          0 kB
Active:         873488 kB
Inactive:      1207912 kB
HighTotal:           0 kB
HighFree:            0 kB
LowTotal:     10230632 kB
LowFree:       7983140 kB
SwapTotal:     2097144 kB
SwapFree:      2097144 kB
Dirty:             684 kB
Writeback:           0 kB
AnonPages:      653444 kB
Mapped:          95220 kB
Slab:            93628 kB
PageTables:      41328 kB
NFS_Unstable:        0 kB
Bounce:              0 kB
CommitLimit:   7212460 kB
Committed_AS:  2513820 kB
VmallocTotal: 34359738367 kB
VmallocUsed:    264292 kB
VmallocChunk: 34359473519 kB
HugePages_Total:     0
HugePages_Free:      0
HugePages_Rsvd:      0
Hugepagesize:     2048 kB


CPU:total 4 (1 cores per cpu, 1 threads per core) family 6 model 44 stepping 2, cmov, cx8, fxsr, mmx, sse, sse2, sse3, ssse3, sse4.1, sse4.2, popcnt, tsc, tscinvbit, tscinv

/proc/cpuinfo:
processor	: 0
vendor_id	: GenuineIntel
cpu family	: 6
model		: 44
model name	: Intel(R) Xeon(R) CPU           E5640  @ 2.67GHz
stepping	: 2
cpu MHz		: 2660.000
cache size	: 12288 KB
fpu		: yes
fpu_exception	: yes
cpuid level	: 11
wp		: yes
flags		: fpu vme de pse tsc msr pae mce cx8 apic sep mtrr pge mca cmov pat pse36 clflush dts acpi mmx fxsr sse sse2 ss syscall nx rdtscp lm constant_tsc ida nonstop_tsc arat pni ssse3 cx16 sse4_1 sse4_2 popcnt lahf_lm
bogomips	: 5320.00
clflush size	: 64
cache_alignment	: 64
address sizes	: 40 bits physical, 48 bits virtual
power management: [8]

processor	: 1
vendor_id	: GenuineIntel
cpu family	: 6
model		: 44
model name	: Intel(R) Xeon(R) CPU           E5640  @ 2.67GHz
stepping	: 2
cpu MHz		: 2660.000
cache size	: 12288 KB
fpu		: yes
fpu_exception	: yes
cpuid level	: 11
wp		: yes
flags		: fpu vme de pse tsc msr pae mce cx8 apic sep mtrr pge mca cmov pat pse36 clflush dts acpi mmx fxsr sse sse2 ss syscall nx rdtscp lm constant_tsc ida nonstop_tsc arat pni ssse3 cx16 sse4_1 sse4_2 popcnt lahf_lm
bogomips	: 5320.00
clflush size	: 64
cache_alignment	: 64
address sizes	: 40 bits physical, 48 bits virtual
power management: [8]

processor	: 2
vendor_id	: GenuineIntel
cpu family	: 6
model		: 44
model name	: Intel(R) Xeon(R) CPU           E5640  @ 2.67GHz
stepping	: 2
cpu MHz		: 2660.000
cache size	: 12288 KB
fpu		: yes
fpu_exception	: yes
cpuid level	: 11
wp		: yes
flags		: fpu vme de pse tsc msr pae mce cx8 apic sep mtrr pge mca cmov pat pse36 clflush dts acpi mmx fxsr sse sse2 ss syscall nx rdtscp lm constant_tsc ida nonstop_tsc arat pni ssse3 cx16 sse4_1 sse4_2 popcnt lahf_lm
bogomips	: 5320.00
clflush size	: 64
cache_alignment	: 64
address sizes	: 40 bits physical, 48 bits virtual
power management: [8]

processor	: 3
vendor_id	: GenuineIntel
cpu family	: 6
model		: 44
model name	: Intel(R) Xeon(R) CPU           E5640  @ 2.67GHz
stepping	: 2
cpu MHz		: 2660.000
cache size	: 12288 KB
fpu		: yes
fpu_exception	: yes
cpuid level	: 11
wp		: yes
flags		: fpu vme de pse tsc msr pae mce cx8 apic sep mtrr pge mca cmov pat pse36 clflush dts acpi mmx fxsr sse sse2 ss syscall nx rdtscp lm constant_tsc ida nonstop_tsc arat pni ssse3 cx16 sse4_1 sse4_2 popcnt lahf_lm
bogomips	: 5320.00
clflush size	: 64
cache_alignment	: 64
address sizes	: 40 bits physical, 48 bits virtual
power management: [8]



Memory: 4k page, physical 10230632k(7992032k free), swap 2097144k(2097144k free)

vm_info: OpenJDK 64-Bit Server VM (23.25-b01) for linux-amd64 JRE (1.6.0_30-b30), built on Jan 30 2014 09:42:15 by "mockbuild" with gcc 4.1.2 20080704 (Red Hat 4.1.2-54)

time: Fri May 16 15:26:15 2014
elapsed time: 3049 seconds

